c:\users\justin\desktop\final project - parser\parser\parser\debug\vc140.pdb
c:\users\justin\desktop\final project - parser\parser\parser\debug\vc140.idb
c:\users\justin\desktop\final project - parser\parser\parser\debug\lexical.obj
c:\users\justin\desktop\final project - parser\parser\parser\debug\main.obj
c:\users\justin\desktop\final project - parser\parser\parser\debug\parser.obj
c:\users\justin\desktop\final project - parser\parser\parser\debug\symboltable.obj
c:\users\justin\desktop\final project - parser\parser\parser\debug\tree.obj
c:\users\justin\desktop\final project - parser\parser\debug\parser.pdb
c:\users\justin\desktop\final project - parser\parser\parser\debug\parser.tlog\cl.command.1.tlog
c:\users\justin\desktop\final project - parser\parser\parser\debug\parser.tlog\cl.read.1.tlog
c:\users\justin\desktop\final project - parser\parser\parser\debug\parser.tlog\cl.write.1.tlog
c:\users\justin\desktop\final project - parser\parser\parser\debug\parser.tlog\link.8800-cvtres.read.1.tlog
c:\users\justin\desktop\final project - parser\parser\parser\debug\parser.tlog\link.8800-cvtres.write.1.tlog
c:\users\justin\desktop\final project - parser\parser\parser\debug\parser.tlog\link.8800-rc.read.1.tlog
c:\users\justin\desktop\final project - parser\parser\parser\debug\parser.tlog\link.8800-rc.write.1.tlog
c:\users\justin\desktop\final project - parser\parser\parser\debug\parser.tlog\link.8800.read.1.tlog
c:\users\justin\desktop\final project - parser\parser\parser\debug\parser.tlog\link.8800.write.1.tlog
c:\users\justin\desktop\final project - parser\parser\parser\debug\parser.tlog\link.command.1.tlog
c:\users\justin\desktop\final project - parser\parser\parser\debug\parser.tlog\link.read.1.tlog
c:\users\justin\desktop\final project - parser\parser\parser\debug\parser.tlog\link.write.1.tlog
